[INFO] [2016-03-15 16:16:20][org.springframework.beans.factory.xml.XmlBeanDefinitionReader]Loading XML bean definitions from class path resource [spring-mybatis.xml]
[INFO] [2016-03-15 16:16:21][org.springframework.context.support.GenericApplicationContext]Refreshing org.springframework.context.support.GenericApplicationContext@7c6ee7ea: startup date [Tue Mar 15 16:16:21 CST 2016]; root of context hierarchy
[INFO] [2016-03-15 16:16:21][org.springframework.context.support.PropertySourcesPlaceholderConfigurer]Loading properties file from class path resource [jdbc.properties]
[INFO] [2016-03-15 16:16:21][org.springframework.beans.factory.annotation.AutowiredAnnotationBeanPostProcessor]JSR-330 'javax.inject.Inject' annotation found and supported for autowiring
[INFO] [2016-03-15 16:16:21][com.downjoy.liwei.TestMyBatis]{"age":23,"id":45,"password":"qqqqqqqq","userName":"22222222"}
[INFO] [2016-03-15 16:16:21][com.downjoy.liwei.TestMyBatis]{"age":23,"id":45,"password":"qqqqqqqq","userName":"22222222"}
[INFO] [2016-03-15 16:16:21][org.springframework.context.support.GenericApplicationContext]Closing org.springframework.context.support.GenericApplicationContext@7c6ee7ea: startup date [Tue Mar 15 16:16:21 CST 2016]; root of context hierarchy
[INFO] [2016-03-15 16:20:32][org.springframework.beans.factory.xml.XmlBeanDefinitionReader]Loading XML bean definitions from class path resource [spring-mybatis.xml]
[INFO] [2016-03-15 16:20:33][org.springframework.context.support.GenericApplicationContext]Refreshing org.springframework.context.support.GenericApplicationContext@226dcb0f: startup date [Tue Mar 15 16:20:33 CST 2016]; root of context hierarchy
[INFO] [2016-03-15 16:20:33][org.springframework.context.support.PropertySourcesPlaceholderConfigurer]Loading properties file from class path resource [jdbc.properties]
[INFO] [2016-03-15 16:20:33][org.springframework.beans.factory.annotation.AutowiredAnnotationBeanPostProcessor]JSR-330 'javax.inject.Inject' annotation found and supported for autowiring
[INFO] [2016-03-15 16:20:33][org.springframework.context.support.GenericApplicationContext]Closing org.springframework.context.support.GenericApplicationContext@226dcb0f: startup date [Tue Mar 15 16:20:33 CST 2016]; root of context hierarchy
[INFO] [2016-03-15 16:21:14][org.springframework.beans.factory.xml.XmlBeanDefinitionReader]Loading XML bean definitions from class path resource [spring-mybatis.xml]
[INFO] [2016-03-15 16:21:14][org.springframework.context.support.GenericApplicationContext]Refreshing org.springframework.context.support.GenericApplicationContext@562e5771: startup date [Tue Mar 15 16:21:14 CST 2016]; root of context hierarchy
[INFO] [2016-03-15 16:21:15][org.springframework.beans.factory.config.PropertyPlaceholderConfigurer]Loading properties file from class path resource [jdbc.properties]
[INFO] [2016-03-15 16:21:15][org.springframework.beans.factory.annotation.AutowiredAnnotationBeanPostProcessor]JSR-330 'javax.inject.Inject' annotation found and supported for autowiring
[INFO] [2016-03-15 16:21:15][org.springframework.context.support.GenericApplicationContext]Closing org.springframework.context.support.GenericApplicationContext@562e5771: startup date [Tue Mar 15 16:21:14 CST 2016]; root of context hierarchy
[INFO] [2016-03-15 16:21:29][org.springframework.beans.factory.xml.XmlBeanDefinitionReader]Loading XML bean definitions from class path resource [spring-mybatis.xml]
[INFO] [2016-03-15 16:21:29][org.springframework.context.support.GenericApplicationContext]Refreshing org.springframework.context.support.GenericApplicationContext@226dcb0f: startup date [Tue Mar 15 16:21:29 CST 2016]; root of context hierarchy
[INFO] [2016-03-15 16:21:29][org.springframework.beans.factory.config.PropertyPlaceholderConfigurer]Loading properties file from class path resource [jdbc.properties]
[INFO] [2016-03-15 16:21:29][org.springframework.beans.factory.annotation.AutowiredAnnotationBeanPostProcessor]JSR-330 'javax.inject.Inject' annotation found and supported for autowiring
[INFO] [2016-03-15 16:21:29][org.springframework.context.support.GenericApplicationContext]Closing org.springframework.context.support.GenericApplicationContext@226dcb0f: startup date [Tue Mar 15 16:21:29 CST 2016]; root of context hierarchy
[INFO] [2016-03-15 16:22:32][org.springframework.beans.factory.xml.XmlBeanDefinitionReader]Loading XML bean definitions from class path resource [spring-mybatis.xml]
[INFO] [2016-03-15 16:22:32][org.springframework.context.support.GenericApplicationContext]Refreshing org.springframework.context.support.GenericApplicationContext@226dcb0f: startup date [Tue Mar 15 16:22:32 CST 2016]; root of context hierarchy
[INFO] [2016-03-15 16:22:32][org.springframework.beans.factory.config.PropertyPlaceholderConfigurer]Loading properties file from class path resource [jdbc.properties]
[INFO] [2016-03-15 16:22:32][org.springframework.beans.factory.annotation.AutowiredAnnotationBeanPostProcessor]JSR-330 'javax.inject.Inject' annotation found and supported for autowiring
[INFO] [2016-03-15 16:22:32][org.springframework.context.support.GenericApplicationContext]Closing org.springframework.context.support.GenericApplicationContext@226dcb0f: startup date [Tue Mar 15 16:22:32 CST 2016]; root of context hierarchy
[INFO] [2016-03-15 16:23:12][org.springframework.beans.factory.xml.XmlBeanDefinitionReader]Loading XML bean definitions from class path resource [spring-mybatis.xml]
[INFO] [2016-03-15 16:23:12][org.springframework.context.support.GenericApplicationContext]Refreshing org.springframework.context.support.GenericApplicationContext@562e5771: startup date [Tue Mar 15 16:23:12 CST 2016]; root of context hierarchy
[INFO] [2016-03-15 16:23:12][org.springframework.beans.factory.config.PropertyPlaceholderConfigurer]Loading properties file from class path resource [jdbc.properties]
[INFO] [2016-03-15 16:23:12][org.springframework.beans.factory.annotation.AutowiredAnnotationBeanPostProcessor]JSR-330 'javax.inject.Inject' annotation found and supported for autowiring
[INFO] [2016-03-15 16:23:13][com.downjoy.liwei.TestMyBatis]值：测试
[INFO] [2016-03-15 16:23:13][com.downjoy.liwei.TestMyBatis]{"age":24,"id":1,"password":"sfasgfaf","userName":"测试"}
[INFO] [2016-03-15 16:23:13][org.springframework.context.support.GenericApplicationContext]Closing org.springframework.context.support.GenericApplicationContext@562e5771: startup date [Tue Mar 15 16:23:12 CST 2016]; root of context hierarchy
